# JRE version: OpenJDK Runtime Environment (8.0_45-b14) (build 1.8.0_45-internal-b14)
# Java VM: OpenJDK 64-Bit Server VM (25.45-b02 mixed mode linux-amd64 compressed oops)
Heap:
 PSYoungGen      total 71168K, used 18540K [0x000000076c980000, 0x0000000775880000, 0x00000007c0000000)
  eden space 64512K, 28% used [0x000000076c980000,0x000000076db9b2d8,0x0000000770880000)
  from space 6656K, 0% used [0x0000000775200000,0x0000000775200000,0x0000000775880000)
  to   space 10752K, 0% used [0x0000000774380000,0x0000000774380000,0x0000000774e00000)
 ParOldGen       total 91648K, used 6134K [0x00000006c5c00000, 0x00000006cb580000, 0x000000076c980000)
  object space 91648K, 6% used [0x00000006c5c00000,0x00000006c61fdbc0,0x00000006cb580000)
 Metaspace       used 23899K, capacity 24236K, committed 24448K, reserved 1071104K
  class space    used 2797K, capacity 2897K, committed 2944K, reserved 1048576K
GC Heap History (6 events):
Event: 0.881 GC heap before
{Heap before GC invocations=1 (full 0):
 PSYoungGen      total 75264K, used 64512K [0x000000076c980000, 0x0000000771d80000, 0x00000007c0000000)
  eden space 64512K, 100% used [0x000000076c980000,0x0000000770880000,0x0000000770880000)
  from space 10752K, 0% used [0x0000000771300000,0x0000000771300000,0x0000000771d80000)
  to   space 10752K, 0% used [0x0000000770880000,0x0000000770880000,0x0000000771300000)
 ParOldGen       total 172032K, used 0K [0x00000006c5c00000, 0x00000006d0400000, 0x000000076c980000)
  object space 172032K, 0% used [0x00000006c5c00000,0x00000006c5c00000,0x00000006d0400000)
 Metaspace       used 15709K, capacity 16008K, committed 16384K, reserved 1062912K
  class space    used 2062K, capacity 2181K, committed 2304K, reserved 1048576K
Event: 0.895 GC heap after
Heap after GC invocations=1 (full 0):
 PSYoungGen      total 75264K, used 7491K [0x000000076c980000, 0x0000000775c80000, 0x00000007c0000000)
  eden space 64512K, 0% used [0x000000076c980000,0x000000076c980000,0x0000000770880000)
  from space 10752K, 69% used [0x0000000770880000,0x0000000770fd0db8,0x0000000771300000)
  to   space 10752K, 0% used [0x0000000775200000,0x0000000775200000,0x0000000775c80000)
 ParOldGen       total 172032K, used 16K [0x00000006c5c00000, 0x00000006d0400000, 0x000000076c980000)
  object space 172032K, 0% used [0x00000006c5c00000,0x00000006c5c04000,0x00000006d0400000)
 Metaspace       used 15709K, capacity 16008K, committed 16384K, reserved 1062912K
  class space    used 2062K, capacity 2181K, committed 2304K, reserved 1048576K
}
Event: 6.581 GC heap before
{Heap before GC invocations=2 (full 0):
 PSYoungGen      total 75264K, used 25286K [0x000000076c980000, 0x0000000775c80000, 0x00000007c0000000)
  eden space 64512K, 27% used [0x000000076c980000,0x000000076dae0c70,0x0000000770880000)
  from space 10752K, 69% used [0x0000000770880000,0x0000000770fd0db8,0x0000000771300000)
  to   space 10752K, 0% used [0x0000000775200000,0x0000000775200000,0x0000000775c80000)
 ParOldGen       total 172032K, used 16K [0x00000006c5c00000, 0x00000006d0400000, 0x000000076c980000)
  object space 172032K, 0% used [0x00000006c5c00000,0x00000006c5c04000,0x00000006d0400000)
 Metaspace       used 20773K, capacity 21068K, committed 21248K, reserved 1067008K
  class space    used 2679K, capacity 2801K, committed 2816K, reserved 1048576K
Event: 6.587 GC heap after
Heap after GC invocations=2 (full 0):
 PSYoungGen      total 71168K, used 6336K [0x000000076c980000, 0x0000000775880000, 0x00000007c0000000)
  eden space 64512K, 0% used [0x000000076c980000,0x000000076c980000,0x0000000770880000)
  from space 6656K, 95% used [0x0000000775200000,0x0000000775830118,0x0000000775880000)
  to   space 10752K, 0% used [0x0000000774380000,0x0000000774380000,0x0000000774e00000)
 ParOldGen       total 172032K, used 32K [0x00000006c5c00000, 0x00000006d0400000, 0x000000076c980000)
  object space 172032K, 0% used [0x00000006c5c00000,0x00000006c5c08000,0x00000006d0400000)
 Metaspace       used 20773K, capacity 21068K, committed 21248K, reserved 1067008K
  class space    used 2679K, capacity 2801K, committed 2816K, reserved 1048576K
}
Event: 6.587 GC heap before
{Heap before GC invocations=3 (full 1):
 PSYoungGen      total 71168K, used 6336K [0x000000076c980000, 0x0000000775880000, 0x00000007c0000000)
  eden space 64512K, 0% used [0x000000076c980000,0x000000076c980000,0x0000000770880000)
  from space 6656K, 95% used [0x0000000775200000,0x0000000775830118,0x0000000775880000)
  to   space 10752K, 0% used [0x0000000774380000,0x0000000774380000,0x0000000774e00000)
 ParOldGen       total 172032K, used 32K [0x00000006c5c00000, 0x00000006d0400000, 0x000000076c980000)
  object space 172032K, 0% used [0x00000006c5c00000,0x00000006c5c08000,0x00000006d0400000)
 Metaspace       used 20773K, capacity 21068K, committed 21248K, reserved 1067008K
  class space    used 2679K, capacity 2801K, committed 2816K, reserved 1048576K
Event: 6.611 GC heap after
Heap after GC invocations=3 (full 1):
 PSYoungGen      total 71168K, used 0K [0x000000076c980000, 0x0000000775880000, 0x00000007c0000000)
  eden space 64512K, 0% used [0x000000076c980000,0x000000076c980000,0x0000000770880000)
  from space 6656K, 0% used [0x0000000775200000,0x0000000775200000,0x0000000775880000)
  to   space 10752K, 0% used [0x0000000774380000,0x0000000774380000,0x0000000774e00000)
 ParOldGen       total 91648K, used 6134K [0x00000006c5c00000, 0x00000006cb580000, 0x000000076c980000)
  object space 91648K, 6% used [0x00000006c5c00000,0x00000006c61fdbc0,0x00000006cb580000)
 Metaspace       used 20773K, capacity 21068K, committed 21248K, reserved 1067008K
  class space    used 2679K, capacity 2801K, committed 2816K, reserved 1048576K
}

