# JRE version: OpenJDK Runtime Environment (8.0_45-b14) (build 1.8.0_45-internal-b14)
# Java VM: OpenJDK 64-Bit Server VM (25.45-b02 mixed mode linux-amd64 compressed oops)
Heap:
 PSYoungGen      total 71168K, used 18347K [0x000000076c980000, 0x0000000775880000, 0x00000007c0000000)
  eden space 64512K, 28% used [0x000000076c980000,0x000000076db6aeb8,0x0000000770880000)
  from space 6656K, 0% used [0x0000000775200000,0x0000000775200000,0x0000000775880000)
  to   space 10752K, 0% used [0x0000000774380000,0x0000000774380000,0x0000000774e00000)
 ParOldGen       total 97280K, used 6119K [0x00000006c5c00000, 0x00000006cbb00000, 0x000000076c980000)
  object space 97280K, 6% used [0x00000006c5c00000,0x00000006c61f9c58,0x00000006cbb00000)
 Metaspace       used 23882K, capacity 24176K, committed 24448K, reserved 1071104K
  class space    used 2797K, capacity 2897K, committed 2944K, reserved 1048576K
GC Heap History (6 events):
Event: 0.825 GC heap before
{Heap before GC invocations=1 (full 0):
 PSYoungGen      total 75264K, used 64512K [0x000000076c980000, 0x0000000771d80000, 0x00000007c0000000)
  eden space 64512K, 100% used [0x000000076c980000,0x0000000770880000,0x0000000770880000)
  from space 10752K, 0% used [0x0000000771300000,0x0000000771300000,0x0000000771d80000)
  to   space 10752K, 0% used [0x0000000770880000,0x0000000770880000,0x0000000771300000)
 ParOldGen       total 172032K, used 0K [0x00000006c5c00000, 0x00000006d0400000, 0x000000076c980000)
  object space 172032K, 0% used [0x00000006c5c00000,0x00000006c5c00000,0x00000006d0400000)
 Metaspace       used 15675K, capacity 16012K, committed 16384K, reserved 1062912K
  class space    used 2064K, capacity 2181K, committed 2304K, reserved 1048576K
Event: 0.836 GC heap after
Heap after GC invocations=1 (full 0):
 PSYoungGen      total 75264K, used 7429K [0x000000076c980000, 0x0000000775c80000, 0x00000007c0000000)
  eden space 64512K, 0% used [0x000000076c980000,0x000000076c980000,0x0000000770880000)
  from space 10752K, 69% used [0x0000000770880000,0x0000000770fc15a0,0x0000000771300000)
  to   space 10752K, 0% used [0x0000000775200000,0x0000000775200000,0x0000000775c80000)
 ParOldGen       total 172032K, used 8K [0x00000006c5c00000, 0x00000006d0400000, 0x000000076c980000)
  object space 172032K, 0% used [0x00000006c5c00000,0x00000006c5c02000,0x00000006d0400000)
 Metaspace       used 15675K, capacity 16012K, committed 16384K, reserved 1062912K
  class space    used 2064K, capacity 2181K, committed 2304K, reserved 1048576K
}
Event: 5.523 GC heap before
{Heap before GC invocations=2 (full 0):
 PSYoungGen      total 75264K, used 24695K [0x000000076c980000, 0x0000000775c80000, 0x00000007c0000000)
  eden space 64512K, 26% used [0x000000076c980000,0x000000076da5c950,0x0000000770880000)
  from space 10752K, 69% used [0x0000000770880000,0x0000000770fc15a0,0x0000000771300000)
  to   space 10752K, 0% used [0x0000000775200000,0x0000000775200000,0x0000000775c80000)
 ParOldGen       total 172032K, used 8K [0x00000006c5c00000, 0x00000006d0400000, 0x000000076c980000)
  object space 172032K, 0% used [0x00000006c5c00000,0x00000006c5c02000,0x00000006d0400000)
 Metaspace       used 20784K, capacity 21072K, committed 21248K, reserved 1067008K
  class space    used 2682K, capacity 2801K, committed 2816K, reserved 1048576K
Event: 5.530 GC heap after
Heap after GC invocations=2 (full 0):
 PSYoungGen      total 71168K, used 6371K [0x000000076c980000, 0x0000000775880000, 0x00000007c0000000)
  eden space 64512K, 0% used [0x000000076c980000,0x000000076c980000,0x0000000770880000)
  from space 6656K, 95% used [0x0000000775200000,0x0000000775838df0,0x0000000775880000)
  to   space 10752K, 0% used [0x0000000774380000,0x0000000774380000,0x0000000774e00000)
 ParOldGen       total 172032K, used 24K [0x00000006c5c00000, 0x00000006d0400000, 0x000000076c980000)
  object space 172032K, 0% used [0x00000006c5c00000,0x00000006c5c06000,0x00000006d0400000)
 Metaspace       used 20784K, capacity 21072K, committed 21248K, reserved 1067008K
  class space    used 2682K, capacity 2801K, committed 2816K, reserved 1048576K
}
Event: 5.530 GC heap before
{Heap before GC invocations=3 (full 1):
 PSYoungGen      total 71168K, used 6371K [0x000000076c980000, 0x0000000775880000, 0x00000007c0000000)
  eden space 64512K, 0% used [0x000000076c980000,0x000000076c980000,0x0000000770880000)
  from space 6656K, 95% used [0x0000000775200000,0x0000000775838df0,0x0000000775880000)
  to   space 10752K, 0% used [0x0000000774380000,0x0000000774380000,0x0000000774e00000)
 ParOldGen       total 172032K, used 24K [0x00000006c5c00000, 0x00000006d0400000, 0x000000076c980000)
  object space 172032K, 0% used [0x00000006c5c00000,0x00000006c5c06000,0x00000006d0400000)
 Metaspace       used 20784K, capacity 21072K, committed 21248K, reserved 1067008K
  class space    used 2682K, capacity 2801K, committed 2816K, reserved 1048576K
Event: 5.557 GC heap after
Heap after GC invocations=3 (full 1):
 PSYoungGen      total 71168K, used 0K [0x000000076c980000, 0x0000000775880000, 0x00000007c0000000)
  eden space 64512K, 0% used [0x000000076c980000,0x000000076c980000,0x0000000770880000)
  from space 6656K, 0% used [0x0000000775200000,0x0000000775200000,0x0000000775880000)
  to   space 10752K, 0% used [0x0000000774380000,0x0000000774380000,0x0000000774e00000)
 ParOldGen       total 97280K, used 6119K [0x00000006c5c00000, 0x00000006cbb00000, 0x000000076c980000)
  object space 97280K, 6% used [0x00000006c5c00000,0x00000006c61f9c58,0x00000006cbb00000)
 Metaspace       used 20784K, capacity 21072K, committed 21248K, reserved 1067008K
  class space    used 2682K, capacity 2801K, committed 2816K, reserved 1048576K
}

