# JRE version: OpenJDK Runtime Environment (8.0_45-b14) (build 1.8.0_45-internal-b14)
# Java VM: OpenJDK 64-Bit Server VM (25.45-b02 mixed mode linux-amd64 compressed oops)
Heap:
 PSYoungGen      total 139776K, used 24951K [0x000000076c980000, 0x0000000775c80000, 0x00000007c0000000)
  eden space 129024K, 19% used [0x000000076c980000,0x000000076e1ddca0,0x0000000774780000)
  from space 10752K, 0% used [0x0000000775200000,0x0000000775200000,0x0000000775c80000)
  to   space 10752K, 0% used [0x0000000774780000,0x0000000774780000,0x0000000775200000)
 ParOldGen       total 82432K, used 6157K [0x00000006c5c00000, 0x00000006cac80000, 0x000000076c980000)
  object space 82432K, 7% used [0x00000006c5c00000,0x00000006c6203488,0x00000006cac80000)
 Metaspace       used 24015K, capacity 24296K, committed 24704K, reserved 1071104K
  class space    used 2799K, capacity 2897K, committed 2944K, reserved 1048576K
GC Heap History (6 events):
Event: 0.834 GC heap before
{Heap before GC invocations=1 (full 0):
 PSYoungGen      total 75264K, used 64512K [0x000000076c980000, 0x0000000771d80000, 0x00000007c0000000)
  eden space 64512K, 100% used [0x000000076c980000,0x0000000770880000,0x0000000770880000)
  from space 10752K, 0% used [0x0000000771300000,0x0000000771300000,0x0000000771d80000)
  to   space 10752K, 0% used [0x0000000770880000,0x0000000770880000,0x0000000771300000)
 ParOldGen       total 172032K, used 0K [0x00000006c5c00000, 0x00000006d0400000, 0x000000076c980000)
  object space 172032K, 0% used [0x00000006c5c00000,0x00000006c5c00000,0x00000006d0400000)
 Metaspace       used 15688K, capacity 16004K, committed 16384K, reserved 1062912K
  class space    used 2059K, capacity 2181K, committed 2304K, reserved 1048576K
Event: 0.867 GC heap after
Heap after GC invocations=1 (full 0):
 PSYoungGen      total 75264K, used 7492K [0x000000076c980000, 0x0000000775c80000, 0x00000007c0000000)
  eden space 64512K, 0% used [0x000000076c980000,0x000000076c980000,0x0000000770880000)
  from space 10752K, 69% used [0x0000000770880000,0x0000000770fd11e0,0x0000000771300000)
  to   space 10752K, 0% used [0x0000000775200000,0x0000000775200000,0x0000000775c80000)
 ParOldGen       total 172032K, used 8K [0x00000006c5c00000, 0x00000006d0400000, 0x000000076c980000)
  object space 172032K, 0% used [0x00000006c5c00000,0x00000006c5c02000,0x00000006d0400000)
 Metaspace       used 15688K, capacity 16004K, committed 16384K, reserved 1062912K
  class space    used 2059K, capacity 2181K, committed 2304K, reserved 1048576K
}
Event: 6.515 GC heap before
{Heap before GC invocations=2 (full 0):
 PSYoungGen      total 75264K, used 25245K [0x000000076c980000, 0x0000000775c80000, 0x00000007c0000000)
  eden space 64512K, 27% used [0x000000076c980000,0x000000076dad63c0,0x0000000770880000)
  from space 10752K, 69% used [0x0000000770880000,0x0000000770fd11e0,0x0000000771300000)
  to   space 10752K, 0% used [0x0000000775200000,0x0000000775200000,0x0000000775c80000)
 ParOldGen       total 172032K, used 8K [0x00000006c5c00000, 0x00000006d0400000, 0x000000076c980000)
  object space 172032K, 0% used [0x00000006c5c00000,0x00000006c5c02000,0x00000006d0400000)
 Metaspace       used 20776K, capacity 21064K, committed 21248K, reserved 1067008K
  class space    used 2682K, capacity 2801K, committed 2816K, reserved 1048576K
Event: 6.520 GC heap after
Heap after GC invocations=2 (full 0):
 PSYoungGen      total 139776K, used 6341K [0x000000076c980000, 0x0000000775c80000, 0x00000007c0000000)
  eden space 129024K, 0% used [0x000000076c980000,0x000000076c980000,0x0000000774780000)
  from space 10752K, 58% used [0x0000000775200000,0x00000007758315d8,0x0000000775c80000)
  to   space 10752K, 0% used [0x0000000774780000,0x0000000774780000,0x0000000775200000)
 ParOldGen       total 172032K, used 24K [0x00000006c5c00000, 0x00000006d0400000, 0x000000076c980000)
  object space 172032K, 0% used [0x00000006c5c00000,0x00000006c5c06000,0x00000006d0400000)
 Metaspace       used 20776K, capacity 21064K, committed 21248K, reserved 1067008K
  class space    used 2682K, capacity 2801K, committed 2816K, reserved 1048576K
}
Event: 6.520 GC heap before
{Heap before GC invocations=3 (full 1):
 PSYoungGen      total 139776K, used 6341K [0x000000076c980000, 0x0000000775c80000, 0x00000007c0000000)
  eden space 129024K, 0% used [0x000000076c980000,0x000000076c980000,0x0000000774780000)
  from space 10752K, 58% used [0x0000000775200000,0x00000007758315d8,0x0000000775c80000)
  to   space 10752K, 0% used [0x0000000774780000,0x0000000774780000,0x0000000775200000)
 ParOldGen       total 172032K, used 24K [0x00000006c5c00000, 0x00000006d0400000, 0x000000076c980000)
  object space 172032K, 0% used [0x00000006c5c00000,0x00000006c5c06000,0x00000006d0400000)
 Metaspace       used 20776K, capacity 21064K, committed 21248K, reserved 1067008K
  class space    used 2682K, capacity 2801K, committed 2816K, reserved 1048576K
Event: 6.545 GC heap after
Heap after GC invocations=3 (full 1):
 PSYoungGen      total 139776K, used 0K [0x000000076c980000, 0x0000000775c80000, 0x00000007c0000000)
  eden space 129024K, 0% used [0x000000076c980000,0x000000076c980000,0x0000000774780000)
  from space 10752K, 0% used [0x0000000775200000,0x0000000775200000,0x0000000775c80000)
  to   space 10752K, 0% used [0x0000000774780000,0x0000000774780000,0x0000000775200000)
 ParOldGen       total 82432K, used 6157K [0x00000006c5c00000, 0x00000006cac80000, 0x000000076c980000)
  object space 82432K, 7% used [0x00000006c5c00000,0x00000006c6203488,0x00000006cac80000)
 Metaspace       used 20776K, capacity 21064K, committed 21248K, reserved 1067008K
  class space    used 2682K, capacity 2801K, committed 2816K, reserved 1048576K
}

