# JRE version: OpenJDK Runtime Environment (8.0_45-b14) (build 1.8.0_45-internal-b14)
# Java VM: OpenJDK 64-Bit Server VM (25.45-b02 mixed mode linux-amd64 compressed oops)
Heap:
 PSYoungGen      total 75264K, used 19497K [0x000000076c980000, 0x0000000771d80000, 0x00000007c0000000)
  eden space 64512K, 30% used [0x000000076c980000,0x000000076dc8a498,0x0000000770880000)
  from space 10752K, 0% used [0x0000000771300000,0x0000000771300000,0x0000000771d80000)
  to   space 10752K, 0% used [0x0000000770880000,0x0000000770880000,0x0000000771300000)
 ParOldGen       total 70656K, used 6119K [0x00000006c5c00000, 0x00000006ca100000, 0x000000076c980000)
  object space 70656K, 8% used [0x00000006c5c00000,0x00000006c61f9ec8,0x00000006ca100000)
 Metaspace       used 23921K, capacity 24260K, committed 24448K, reserved 1071104K
  class space    used 2805K, capacity 2929K, committed 2944K, reserved 1048576K
GC Heap History (6 events):
Event: 0.869 GC heap before
{Heap before GC invocations=1 (full 0):
 PSYoungGen      total 75264K, used 64512K [0x000000076c980000, 0x0000000771d80000, 0x00000007c0000000)
  eden space 64512K, 100% used [0x000000076c980000,0x0000000770880000,0x0000000770880000)
  from space 10752K, 0% used [0x0000000771300000,0x0000000771300000,0x0000000771d80000)
  to   space 10752K, 0% used [0x0000000770880000,0x0000000770880000,0x0000000771300000)
 ParOldGen       total 172032K, used 0K [0x00000006c5c00000, 0x00000006d0400000, 0x000000076c980000)
  object space 172032K, 0% used [0x00000006c5c00000,0x00000006c5c00000,0x00000006d0400000)
 Metaspace       used 15715K, capacity 16000K, committed 16384K, reserved 1062912K
  class space    used 2063K, capacity 2181K, committed 2304K, reserved 1048576K
Event: 0.877 GC heap after
Heap after GC invocations=1 (full 0):
 PSYoungGen      total 75264K, used 7467K [0x000000076c980000, 0x0000000771d80000, 0x00000007c0000000)
  eden space 64512K, 0% used [0x000000076c980000,0x000000076c980000,0x0000000770880000)
  from space 10752K, 69% used [0x0000000770880000,0x0000000770fcac80,0x0000000771300000)
  to   space 10752K, 0% used [0x0000000771300000,0x0000000771300000,0x0000000771d80000)
 ParOldGen       total 172032K, used 8K [0x00000006c5c00000, 0x00000006d0400000, 0x000000076c980000)
  object space 172032K, 0% used [0x00000006c5c00000,0x00000006c5c02000,0x00000006d0400000)
 Metaspace       used 15715K, capacity 16000K, committed 16384K, reserved 1062912K
  class space    used 2063K, capacity 2181K, committed 2304K, reserved 1048576K
}
Event: 5.660 GC heap before
{Heap before GC invocations=2 (full 0):
 PSYoungGen      total 75264K, used 24299K [0x000000076c980000, 0x0000000771d80000, 0x00000007c0000000)
  eden space 64512K, 26% used [0x000000076c980000,0x000000076d9f00e0,0x0000000770880000)
  from space 10752K, 69% used [0x0000000770880000,0x0000000770fcac80,0x0000000771300000)
  to   space 10752K, 0% used [0x0000000771300000,0x0000000771300000,0x0000000771d80000)
 ParOldGen       total 172032K, used 8K [0x00000006c5c00000, 0x00000006d0400000, 0x000000076c980000)
  object space 172032K, 0% used [0x00000006c5c00000,0x00000006c5c02000,0x00000006d0400000)
 Metaspace       used 20772K, capacity 21060K, committed 21248K, reserved 1067008K
  class space    used 2686K, capacity 2801K, committed 2816K, reserved 1048576K
Event: 5.670 GC heap after
Heap after GC invocations=2 (full 0):
 PSYoungGen      total 75264K, used 6300K [0x000000076c980000, 0x0000000771d80000, 0x00000007c0000000)
  eden space 64512K, 0% used [0x000000076c980000,0x000000076c980000,0x0000000770880000)
  from space 10752K, 58% used [0x0000000771300000,0x0000000771927240,0x0000000771d80000)
  to   space 10752K, 0% used [0x0000000770880000,0x0000000770880000,0x0000000771300000)
 ParOldGen       total 172032K, used 24K [0x00000006c5c00000, 0x00000006d0400000, 0x000000076c980000)
  object space 172032K, 0% used [0x00000006c5c00000,0x00000006c5c06000,0x00000006d0400000)
 Metaspace       used 20772K, capacity 21060K, committed 21248K, reserved 1067008K
  class space    used 2686K, capacity 2801K, committed 2816K, reserved 1048576K
}
Event: 5.670 GC heap before
{Heap before GC invocations=3 (full 1):
 PSYoungGen      total 75264K, used 6300K [0x000000076c980000, 0x0000000771d80000, 0x00000007c0000000)
  eden space 64512K, 0% used [0x000000076c980000,0x000000076c980000,0x0000000770880000)
  from space 10752K, 58% used [0x0000000771300000,0x0000000771927240,0x0000000771d80000)
  to   space 10752K, 0% used [0x0000000770880000,0x0000000770880000,0x0000000771300000)
 ParOldGen       total 172032K, used 24K [0x00000006c5c00000, 0x00000006d0400000, 0x000000076c980000)
  object space 172032K, 0% used [0x00000006c5c00000,0x00000006c5c06000,0x00000006d0400000)
 Metaspace       used 20772K, capacity 21060K, committed 21248K, reserved 1067008K
  class space    used 2686K, capacity 2801K, committed 2816K, reserved 1048576K
Event: 5.693 GC heap after
Heap after GC invocations=3 (full 1):
 PSYoungGen      total 75264K, used 0K [0x000000076c980000, 0x0000000771d80000, 0x00000007c0000000)
  eden space 64512K, 0% used [0x000000076c980000,0x000000076c980000,0x0000000770880000)
  from space 10752K, 0% used [0x0000000771300000,0x0000000771300000,0x0000000771d80000)
  to   space 10752K, 0% used [0x0000000770880000,0x0000000770880000,0x0000000771300000)
 ParOldGen       total 70656K, used 6119K [0x00000006c5c00000, 0x00000006ca100000, 0x000000076c980000)
  object space 70656K, 8% used [0x00000006c5c00000,0x00000006c61f9ec8,0x00000006ca100000)
 Metaspace       used 20772K, capacity 21060K, committed 21248K, reserved 1067008K
  class space    used 2686K, capacity 2801K, committed 2816K, reserved 1048576K
}

