# JRE version: OpenJDK Runtime Environment (8.0_45-b14) (build 1.8.0_45-internal-b14)
# Java VM: OpenJDK 64-Bit Server VM (25.45-b02 mixed mode linux-amd64 compressed oops)
Heap:
 PSYoungGen      total 71168K, used 23293K [0x000000076c980000, 0x0000000775880000, 0x00000007c0000000)
  eden space 64512K, 36% used [0x000000076c980000,0x000000076e03f748,0x0000000770880000)
  from space 6656K, 0% used [0x0000000775200000,0x0000000775200000,0x0000000775880000)
  to   space 10752K, 0% used [0x0000000774380000,0x0000000774380000,0x0000000774e00000)
 ParOldGen       total 71168K, used 6217K [0x00000006c5c00000, 0x00000006ca180000, 0x000000076c980000)
  object space 71168K, 8% used [0x00000006c5c00000,0x00000006c62126f8,0x00000006ca180000)
 Metaspace       used 24022K, capacity 24300K, committed 24704K, reserved 1071104K
  class space    used 2798K, capacity 2897K, committed 2944K, reserved 1048576K
GC Heap History (6 events):
Event: 0.894 GC heap before
{Heap before GC invocations=1 (full 0):
 PSYoungGen      total 75264K, used 64512K [0x000000076c980000, 0x0000000771d80000, 0x00000007c0000000)
  eden space 64512K, 100% used [0x000000076c980000,0x0000000770880000,0x0000000770880000)
  from space 10752K, 0% used [0x0000000771300000,0x0000000771300000,0x0000000771d80000)
  to   space 10752K, 0% used [0x0000000770880000,0x0000000770880000,0x0000000771300000)
 ParOldGen       total 172032K, used 0K [0x00000006c5c00000, 0x00000006d0400000, 0x000000076c980000)
  object space 172032K, 0% used [0x00000006c5c00000,0x00000006c5c00000,0x00000006d0400000)
 Metaspace       used 15688K, capacity 16008K, committed 16384K, reserved 1062912K
  class space    used 2063K, capacity 2181K, committed 2304K, reserved 1048576K
Event: 0.904 GC heap after
Heap after GC invocations=1 (full 0):
 PSYoungGen      total 75264K, used 7428K [0x000000076c980000, 0x0000000775c80000, 0x00000007c0000000)
  eden space 64512K, 0% used [0x000000076c980000,0x000000076c980000,0x0000000770880000)
  from space 10752K, 69% used [0x0000000770880000,0x0000000770fc1240,0x0000000771300000)
  to   space 10752K, 0% used [0x0000000775200000,0x0000000775200000,0x0000000775c80000)
 ParOldGen       total 172032K, used 8K [0x00000006c5c00000, 0x00000006d0400000, 0x000000076c980000)
  object space 172032K, 0% used [0x00000006c5c00000,0x00000006c5c02000,0x00000006d0400000)
 Metaspace       used 15688K, capacity 16008K, committed 16384K, reserved 1062912K
  class space    used 2063K, capacity 2181K, committed 2304K, reserved 1048576K
}
Event: 11.350 GC heap before
{Heap before GC invocations=2 (full 0):
 PSYoungGen      total 75264K, used 25302K [0x000000076c980000, 0x0000000775c80000, 0x00000007c0000000)
  eden space 64512K, 27% used [0x000000076c980000,0x000000076daf47d0,0x0000000770880000)
  from space 10752K, 69% used [0x0000000770880000,0x0000000770fc1240,0x0000000771300000)
  to   space 10752K, 0% used [0x0000000775200000,0x0000000775200000,0x0000000775c80000)
 ParOldGen       total 172032K, used 8K [0x00000006c5c00000, 0x00000006d0400000, 0x000000076c980000)
  object space 172032K, 0% used [0x00000006c5c00000,0x00000006c5c02000,0x00000006d0400000)
 Metaspace       used 20783K, capacity 21068K, committed 21248K, reserved 1067008K
  class space    used 2686K, capacity 2801K, committed 2816K, reserved 1048576K
Event: 11.355 GC heap after
Heap after GC invocations=2 (full 0):
 PSYoungGen      total 71168K, used 6420K [0x000000076c980000, 0x0000000775880000, 0x00000007c0000000)
  eden space 64512K, 0% used [0x000000076c980000,0x000000076c980000,0x0000000770880000)
  from space 6656K, 96% used [0x0000000775200000,0x00000007758453a8,0x0000000775880000)
  to   space 10752K, 0% used [0x0000000774380000,0x0000000774380000,0x0000000774e00000)
 ParOldGen       total 172032K, used 32K [0x00000006c5c00000, 0x00000006d0400000, 0x000000076c980000)
  object space 172032K, 0% used [0x00000006c5c00000,0x00000006c5c08000,0x00000006d0400000)
 Metaspace       used 20783K, capacity 21068K, committed 21248K, reserved 1067008K
  class space    used 2686K, capacity 2801K, committed 2816K, reserved 1048576K
}
Event: 11.355 GC heap before
{Heap before GC invocations=3 (full 1):
 PSYoungGen      total 71168K, used 6420K [0x000000076c980000, 0x0000000775880000, 0x00000007c0000000)
  eden space 64512K, 0% used [0x000000076c980000,0x000000076c980000,0x0000000770880000)
  from space 6656K, 96% used [0x0000000775200000,0x00000007758453a8,0x0000000775880000)
  to   space 10752K, 0% used [0x0000000774380000,0x0000000774380000,0x0000000774e00000)
 ParOldGen       total 172032K, used 32K [0x00000006c5c00000, 0x00000006d0400000, 0x000000076c980000)
  object space 172032K, 0% used [0x00000006c5c00000,0x00000006c5c08000,0x00000006d0400000)
 Metaspace       used 20783K, capacity 21068K, committed 21248K, reserved 1067008K
  class space    used 2686K, capacity 2801K, committed 2816K, reserved 1048576K
Event: 11.377 GC heap after
Heap after GC invocations=3 (full 1):
 PSYoungGen      total 71168K, used 0K [0x000000076c980000, 0x0000000775880000, 0x00000007c0000000)
  eden space 64512K, 0% used [0x000000076c980000,0x000000076c980000,0x0000000770880000)
  from space 6656K, 0% used [0x0000000775200000,0x0000000775200000,0x0000000775880000)
  to   space 10752K, 0% used [0x0000000774380000,0x0000000774380000,0x0000000774e00000)
 ParOldGen       total 71168K, used 6217K [0x00000006c5c00000, 0x00000006ca180000, 0x000000076c980000)
  object space 71168K, 8% used [0x00000006c5c00000,0x00000006c62126f8,0x00000006ca180000)
 Metaspace       used 20783K, capacity 21068K, committed 21248K, reserved 1067008K
  class space    used 2686K, capacity 2801K, committed 2816K, reserved 1048576K
}

