# JRE version: OpenJDK Runtime Environment (8.0_45-b14) (build 1.8.0_45-internal-b14)
# Java VM: OpenJDK 64-Bit Server VM (25.45-b02 mixed mode linux-amd64 compressed oops)
Heap:
 PSYoungGen      total 71168K, used 20646K [0x000000076c980000, 0x0000000775880000, 0x00000007c0000000)
  eden space 64512K, 32% used [0x000000076c980000,0x000000076dda9920,0x0000000770880000)
  from space 6656K, 0% used [0x0000000775200000,0x0000000775200000,0x0000000775880000)
  to   space 10752K, 0% used [0x0000000774380000,0x0000000774380000,0x0000000774e00000)
 ParOldGen       total 93184K, used 6109K [0x00000006c5c00000, 0x00000006cb700000, 0x000000076c980000)
  object space 93184K, 6% used [0x00000006c5c00000,0x00000006c61f74c8,0x00000006cb700000)
 Metaspace       used 24048K, capacity 24368K, committed 24704K, reserved 1071104K
  class space    used 2799K, capacity 2897K, committed 2944K, reserved 1048576K
GC Heap History (6 events):
Event: 0.759 GC heap before
{Heap before GC invocations=1 (full 0):
 PSYoungGen      total 75264K, used 64512K [0x000000076c980000, 0x0000000771d80000, 0x00000007c0000000)
  eden space 64512K, 100% used [0x000000076c980000,0x0000000770880000,0x0000000770880000)
  from space 10752K, 0% used [0x0000000771300000,0x0000000771300000,0x0000000771d80000)
  to   space 10752K, 0% used [0x0000000770880000,0x0000000770880000,0x0000000771300000)
 ParOldGen       total 172032K, used 0K [0x00000006c5c00000, 0x00000006d0400000, 0x000000076c980000)
  object space 172032K, 0% used [0x00000006c5c00000,0x00000006c5c00000,0x00000006d0400000)
 Metaspace       used 15717K, capacity 16012K, committed 16384K, reserved 1062912K
  class space    used 2065K, capacity 2181K, committed 2304K, reserved 1048576K
Event: 0.772 GC heap after
Heap after GC invocations=1 (full 0):
 PSYoungGen      total 75264K, used 7414K [0x000000076c980000, 0x0000000775c80000, 0x00000007c0000000)
  eden space 64512K, 0% used [0x000000076c980000,0x000000076c980000,0x0000000770880000)
  from space 10752K, 68% used [0x0000000770880000,0x0000000770fbdba0,0x0000000771300000)
  to   space 10752K, 0% used [0x0000000775200000,0x0000000775200000,0x0000000775c80000)
 ParOldGen       total 172032K, used 16K [0x00000006c5c00000, 0x00000006d0400000, 0x000000076c980000)
  object space 172032K, 0% used [0x00000006c5c00000,0x00000006c5c04000,0x00000006d0400000)
 Metaspace       used 15717K, capacity 16012K, committed 16384K, reserved 1062912K
  class space    used 2065K, capacity 2181K, committed 2304K, reserved 1048576K
}
Event: 5.335 GC heap before
{Heap before GC invocations=2 (full 0):
 PSYoungGen      total 75264K, used 24752K [0x000000076c980000, 0x0000000775c80000, 0x00000007c0000000)
  eden space 64512K, 26% used [0x000000076c980000,0x000000076da6e630,0x0000000770880000)
  from space 10752K, 68% used [0x0000000770880000,0x0000000770fbdba0,0x0000000771300000)
  to   space 10752K, 0% used [0x0000000775200000,0x0000000775200000,0x0000000775c80000)
 ParOldGen       total 172032K, used 16K [0x00000006c5c00000, 0x00000006d0400000, 0x000000076c980000)
  object space 172032K, 0% used [0x00000006c5c00000,0x00000006c5c04000,0x00000006d0400000)
 Metaspace       used 20776K, capacity 21072K, committed 21248K, reserved 1067008K
  class space    used 2680K, capacity 2801K, committed 2816K, reserved 1048576K
Event: 5.341 GC heap after
Heap after GC invocations=2 (full 0):
 PSYoungGen      total 71168K, used 6338K [0x000000076c980000, 0x0000000775880000, 0x00000007c0000000)
  eden space 64512K, 0% used [0x000000076c980000,0x000000076c980000,0x0000000770880000)
  from space 6656K, 95% used [0x0000000775200000,0x0000000775830948,0x0000000775880000)
  to   space 10752K, 0% used [0x0000000774380000,0x0000000774380000,0x0000000774e00000)
 ParOldGen       total 172032K, used 32K [0x00000006c5c00000, 0x00000006d0400000, 0x000000076c980000)
  object space 172032K, 0% used [0x00000006c5c00000,0x00000006c5c08000,0x00000006d0400000)
 Metaspace       used 20776K, capacity 21072K, committed 21248K, reserved 1067008K
  class space    used 2680K, capacity 2801K, committed 2816K, reserved 1048576K
}
Event: 5.341 GC heap before
{Heap before GC invocations=3 (full 1):
 PSYoungGen      total 71168K, used 6338K [0x000000076c980000, 0x0000000775880000, 0x00000007c0000000)
  eden space 64512K, 0% used [0x000000076c980000,0x000000076c980000,0x0000000770880000)
  from space 6656K, 95% used [0x0000000775200000,0x0000000775830948,0x0000000775880000)
  to   space 10752K, 0% used [0x0000000774380000,0x0000000774380000,0x0000000774e00000)
 ParOldGen       total 172032K, used 32K [0x00000006c5c00000, 0x00000006d0400000, 0x000000076c980000)
  object space 172032K, 0% used [0x00000006c5c00000,0x00000006c5c08000,0x00000006d0400000)
 Metaspace       used 20776K, capacity 21072K, committed 21248K, reserved 1067008K
  class space    used 2680K, capacity 2801K, committed 2816K, reserved 1048576K
Event: 5.367 GC heap after
Heap after GC invocations=3 (full 1):
 PSYoungGen      total 71168K, used 0K [0x000000076c980000, 0x0000000775880000, 0x00000007c0000000)
  eden space 64512K, 0% used [0x000000076c980000,0x000000076c980000,0x0000000770880000)
  from space 6656K, 0% used [0x0000000775200000,0x0000000775200000,0x0000000775880000)
  to   space 10752K, 0% used [0x0000000774380000,0x0000000774380000,0x0000000774e00000)
 ParOldGen       total 93184K, used 6109K [0x00000006c5c00000, 0x00000006cb700000, 0x000000076c980000)
  object space 93184K, 6% used [0x00000006c5c00000,0x00000006c61f74c8,0x00000006cb700000)
 Metaspace       used 20776K, capacity 21072K, committed 21248K, reserved 1067008K
  class space    used 2680K, capacity 2801K, committed 2816K, reserved 1048576K
}

